# JRE version: OpenJDK Runtime Environment (8.0_152-b01) (build 1.8.0_152-release-915-b01)
# Java VM: OpenJDK 64-Bit Server VM (25.152-b01 mixed mode windows-amd64 compressed oops)
Heap:
 PSYoungGen      total 140800K, used 119053K [0x00000000e0000000, 0x00000000ec280000, 0x0000000100000000)
  eden space 128000K, 93% used [0x00000000e0000000,0x00000000e74437a8,0x00000000e7d00000)
  from space 12800K, 0% used [0x00000000eb600000,0x00000000eb600000,0x00000000ec280000)
  to   space 10752K, 0% used [0x00000000e7d00000,0x00000000e7d00000,0x00000000e8780000)
 ParOldGen       total 94720K, used 14909K [0x00000000a0000000, 0x00000000a5c80000, 0x00000000e0000000)
  object space 94720K, 15% used [0x00000000a0000000,0x00000000a0e8f7f8,0x00000000a5c80000)
 Metaspace       used 42839K, capacity 43692K, committed 43992K, reserved 1087488K
  class space    used 5756K, capacity 6059K, committed 6144K, reserved 1048576K
GC Heap History (10 events):
Event: 2.051 GC heap before
{Heap before GC invocations=4 (full 1):
 PSYoungGen      total 76288K, used 6640K [0x00000000e0000000, 0x00000000e9500000, 0x0000000100000000)
  eden space 65536K, 0% used [0x00000000e0000000,0x00000000e0000000,0x00000000e4000000)
  from space 10752K, 61% used [0x00000000e4000000,0x00000000e467c320,0x00000000e4a80000)
  to   space 10752K, 0% used [0x00000000e8a80000,0x00000000e8a80000,0x00000000e9500000)
 ParOldGen       total 175104K, used 1223K [0x00000000a0000000, 0x00000000aab00000, 0x00000000e0000000)
  object space 175104K, 0% used [0x00000000a0000000,0x00000000a0131f70,0x00000000aab00000)
 Metaspace       used 20715K, capacity 21142K, committed 21248K, reserved 1067008K
  class space    used 2868K, capacity 3042K, committed 3072K, reserved 1048576K
Event: 2.076 GC heap after
Heap after GC invocations=4 (full 1):
 PSYoungGen      total 76288K, used 0K [0x00000000e0000000, 0x00000000e9500000, 0x0000000100000000)
  eden space 65536K, 0% used [0x00000000e0000000,0x00000000e0000000,0x00000000e4000000)
  from space 10752K, 0% used [0x00000000e4000000,0x00000000e4000000,0x00000000e4a80000)
  to   space 10752K, 0% used [0x00000000e8a80000,0x00000000e8a80000,0x00000000e9500000)
 ParOldGen       total 94720K, used 6519K [0x00000000a0000000, 0x00000000a5c80000, 0x00000000e0000000)
  object space 94720K, 6% used [0x00000000a0000000,0x00000000a065ddd8,0x00000000a5c80000)
 Metaspace       used 20715K, capacity 21142K, committed 21248K, reserved 1067008K
  class space    used 2868K, capacity 3042K, committed 3072K, reserved 1048576K
}
Event: 2.813 GC heap before
{Heap before GC invocations=5 (full 1):
 PSYoungGen      total 76288K, used 65536K [0x00000000e0000000, 0x00000000e9500000, 0x0000000100000000)
  eden space 65536K, 100% used [0x00000000e0000000,0x00000000e4000000,0x00000000e4000000)
  from space 10752K, 0% used [0x00000000e4000000,0x00000000e4000000,0x00000000e4a80000)
  to   space 10752K, 0% used [0x00000000e8a80000,0x00000000e8a80000,0x00000000e9500000)
 ParOldGen       total 94720K, used 6519K [0x00000000a0000000, 0x00000000a5c80000, 0x00000000e0000000)
  object space 94720K, 6% used [0x00000000a0000000,0x00000000a065ddd8,0x00000000a5c80000)
 Metaspace       used 25845K, capacity 26382K, committed 26624K, reserved 1073152K
  class space    used 3535K, capacity 3734K, committed 3840K, reserved 1048576K
Event: 2.820 GC heap after
Heap after GC invocations=5 (full 1):
 PSYoungGen      total 115712K, used 7323K [0x00000000e0000000, 0x00000000e9200000, 0x0000000100000000)
  eden space 108032K, 0% used [0x00000000e0000000,0x00000000e0000000,0x00000000e6980000)
  from space 7680K, 95% used [0x00000000e8a80000,0x00000000e91a6c50,0x00000000e9200000)
  to   space 10752K, 0% used [0x00000000e7d00000,0x00000000e7d00000,0x00000000e8780000)
 ParOldGen       total 94720K, used 6527K [0x00000000a0000000, 0x00000000a5c80000, 0x00000000e0000000)
  object space 94720K, 6% used [0x00000000a0000000,0x00000000a065fdd8,0x00000000a5c80000)
 Metaspace       used 25845K, capacity 26382K, committed 26624K, reserved 1073152K
  class space    used 3535K, capacity 3734K, committed 3840K, reserved 1048576K
}
Event: 3.837 GC heap before
{Heap before GC invocations=6 (full 1):
 PSYoungGen      total 115712K, used 115355K [0x00000000e0000000, 0x00000000e9200000, 0x0000000100000000)
  eden space 108032K, 100% used [0x00000000e0000000,0x00000000e6980000,0x00000000e6980000)
  from space 7680K, 95% used [0x00000000e8a80000,0x00000000e91a6c50,0x00000000e9200000)
  to   space 10752K, 0% used [0x00000000e7d00000,0x00000000e7d00000,0x00000000e8780000)
 ParOldGen       total 94720K, used 6527K [0x00000000a0000000, 0x00000000a5c80000, 0x00000000e0000000)
  object space 94720K, 6% used [0x00000000a0000000,0x00000000a065fdd8,0x00000000a5c80000)
 Metaspace       used 31257K, capacity 31838K, committed 32128K, reserved 1077248K
  class space    used 4256K, capacity 4464K, committed 4480K, reserved 1048576K
Event: 3.845 GC heap after
Heap after GC invocations=6 (full 1):
 PSYoungGen      total 138752K, used 10001K [0x00000000e0000000, 0x00000000ec280000, 0x0000000100000000)
  eden space 128000K, 0% used [0x00000000e0000000,0x00000000e0000000,0x00000000e7d00000)
  from space 10752K, 93% used [0x00000000e7d00000,0x00000000e86c4730,0x00000000e8780000)
  to   space 12800K, 0% used [0x00000000eb600000,0x00000000eb600000,0x00000000ec280000)
 ParOldGen       total 94720K, used 6607K [0x00000000a0000000, 0x00000000a5c80000, 0x00000000e0000000)
  object space 94720K, 6% used [0x00000000a0000000,0x00000000a0673de8,0x00000000a5c80000)
 Metaspace       used 31257K, capacity 31838K, committed 32128K, reserved 1077248K
  class space    used 4256K, capacity 4464K, committed 4480K, reserved 1048576K
}
Event: 4.034 GC heap before
{Heap before GC invocations=7 (full 1):
 PSYoungGen      total 138752K, used 26809K [0x00000000e0000000, 0x00000000ec280000, 0x0000000100000000)
  eden space 128000K, 13% used [0x00000000e0000000,0x00000000e106a018,0x00000000e7d00000)
  from space 10752K, 93% used [0x00000000e7d00000,0x00000000e86c4730,0x00000000e8780000)
  to   space 12800K, 0% used [0x00000000eb600000,0x00000000eb600000,0x00000000ec280000)
 ParOldGen       total 94720K, used 6607K [0x00000000a0000000, 0x00000000a5c80000, 0x00000000e0000000)
  object space 94720K, 6% used [0x00000000a0000000,0x00000000a0673de8,0x00000000a5c80000)
 Metaspace       used 34509K, capacity 35234K, committed 35416K, reserved 1079296K
  class space    used 4684K, capacity 4965K, committed 4992K, reserved 1048576K
Event: 4.043 GC heap after
Heap after GC invocations=7 (full 1):
 PSYoungGen      total 140800K, used 8843K [0x00000000e0000000, 0x00000000ec280000, 0x0000000100000000)
  eden space 128000K, 0% used [0x00000000e0000000,0x00000000e0000000,0x00000000e7d00000)
  from space 12800K, 69% used [0x00000000eb600000,0x00000000ebea2c88,0x00000000ec280000)
  to   space 10752K, 0% used [0x00000000e7d00000,0x00000000e7d00000,0x00000000e8780000)
 ParOldGen       total 94720K, used 6615K [0x00000000a0000000, 0x00000000a5c80000, 0x00000000e0000000)
  object space 94720K, 6% used [0x00000000a0000000,0x00000000a0675de8,0x00000000a5c80000)
 Metaspace       used 34509K, capacity 35234K, committed 35416K, reserved 1079296K
  class space    used 4684K, capacity 4965K, committed 4992K, reserved 1048576K
}
Event: 4.043 GC heap before
{Heap before GC invocations=8 (full 2):
 PSYoungGen      total 140800K, used 8843K [0x00000000e0000000, 0x00000000ec280000, 0x0000000100000000)
  eden space 128000K, 0% used [0x00000000e0000000,0x00000000e0000000,0x00000000e7d00000)
  from space 12800K, 69% used [0x00000000eb600000,0x00000000ebea2c88,0x00000000ec280000)
  to   space 10752K, 0% used [0x00000000e7d00000,0x00000000e7d00000,0x00000000e8780000)
 ParOldGen       total 94720K, used 6615K [0x00000000a0000000, 0x00000000a5c80000, 0x00000000e0000000)
  object space 94720K, 6% used [0x00000000a0000000,0x00000000a0675de8,0x00000000a5c80000)
 Metaspace       used 34509K, capacity 35234K, committed 35416K, reserved 1079296K
  class space    used 4684K, capacity 4965K, committed 4992K, reserved 1048576K
Event: 4.083 GC heap after
Heap after GC invocations=8 (full 2):
 PSYoungGen      total 140800K, used 0K [0x00000000e0000000, 0x00000000ec280000, 0x0000000100000000)
  eden space 128000K, 0% used [0x00000000e0000000,0x00000000e0000000,0x00000000e7d00000)
  from space 12800K, 0% used [0x00000000eb600000,0x00000000eb600000,0x00000000ec280000)
  to   space 10752K, 0% used [0x00000000e7d00000,0x00000000e7d00000,0x00000000e8780000)
 ParOldGen       total 94720K, used 14909K [0x00000000a0000000, 0x00000000a5c80000, 0x00000000e0000000)
  object space 94720K, 15% used [0x00000000a0000000,0x00000000a0e8f7f8,0x00000000a5c80000)
 Metaspace       used 34509K, capacity 35234K, committed 35416K, reserved 1079296K
  class space    used 4684K, capacity 4965K, committed 4992K, reserved 1048576K
}

