# JRE version: OpenJDK Runtime Environment (8.0_152-b01) (build 1.8.0_152-release-915-b01)
# Java VM: OpenJDK 64-Bit Server VM (25.152-b01 mixed mode windows-amd64 compressed oops)
Heap:
 PSYoungGen      total 172544K, used 15570K [0x00000000e0000000, 0x00000000ed800000, 0x0000000100000000)
  eden space 159744K, 9% used [0x00000000e0000000,0x00000000e0f34af0,0x00000000e9c00000)
  from space 12800K, 0% used [0x00000000ea800000,0x00000000ea800000,0x00000000eb480000)
  to   space 12288K, 0% used [0x00000000e9c00000,0x00000000e9c00000,0x00000000ea800000)
 ParOldGen       total 99328K, used 14923K [0x00000000a0000000, 0x00000000a6100000, 0x00000000e0000000)
  object space 99328K, 15% used [0x00000000a0000000,0x00000000a0e92fd0,0x00000000a6100000)
 Metaspace       used 36668K, capacity 37350K, committed 37720K, reserved 1081344K
  class space    used 4924K, capacity 5139K, committed 5248K, reserved 1048576K
GC Heap History (10 events):
Event: 2.266 GC heap before
{Heap before GC invocations=4 (full 1):
 PSYoungGen      total 76288K, used 6794K [0x00000000e0000000, 0x00000000e9500000, 0x0000000100000000)
  eden space 65536K, 0% used [0x00000000e0000000,0x00000000e0000000,0x00000000e4000000)
  from space 10752K, 63% used [0x00000000e4000000,0x00000000e46a2848,0x00000000e4a80000)
  to   space 10752K, 0% used [0x00000000e8a80000,0x00000000e8a80000,0x00000000e9500000)
 ParOldGen       total 175104K, used 1567K [0x00000000a0000000, 0x00000000aab00000, 0x00000000e0000000)
  object space 175104K, 0% used [0x00000000a0000000,0x00000000a0187e00,0x00000000aab00000)
 Metaspace       used 20710K, capacity 21142K, committed 21248K, reserved 1067008K
  class space    used 2873K, capacity 3042K, committed 3072K, reserved 1048576K
Event: 2.300 GC heap after
Heap after GC invocations=4 (full 1):
 PSYoungGen      total 76288K, used 0K [0x00000000e0000000, 0x00000000e9500000, 0x0000000100000000)
  eden space 65536K, 0% used [0x00000000e0000000,0x00000000e0000000,0x00000000e4000000)
  from space 10752K, 0% used [0x00000000e4000000,0x00000000e4000000,0x00000000e4a80000)
  to   space 10752K, 0% used [0x00000000e8a80000,0x00000000e8a80000,0x00000000e9500000)
 ParOldGen       total 99328K, used 6610K [0x00000000a0000000, 0x00000000a6100000, 0x00000000e0000000)
  object space 99328K, 6% used [0x00000000a0000000,0x00000000a0674980,0x00000000a6100000)
 Metaspace       used 20710K, capacity 21142K, committed 21248K, reserved 1067008K
  class space    used 2873K, capacity 3042K, committed 3072K, reserved 1048576K
}
Event: 3.009 GC heap before
{Heap before GC invocations=5 (full 1):
 PSYoungGen      total 76288K, used 65536K [0x00000000e0000000, 0x00000000e9500000, 0x0000000100000000)
  eden space 65536K, 100% used [0x00000000e0000000,0x00000000e4000000,0x00000000e4000000)
  from space 10752K, 0% used [0x00000000e4000000,0x00000000e4000000,0x00000000e4a80000)
  to   space 10752K, 0% used [0x00000000e8a80000,0x00000000e8a80000,0x00000000e9500000)
 ParOldGen       total 99328K, used 6610K [0x00000000a0000000, 0x00000000a6100000, 0x00000000e0000000)
  object space 99328K, 6% used [0x00000000a0000000,0x00000000a0674980,0x00000000a6100000)
 Metaspace       used 25764K, capacity 26318K, committed 26624K, reserved 1073152K
  class space    used 3529K, capacity 3734K, committed 3840K, reserved 1048576K
Event: 3.015 GC heap after
Heap after GC invocations=5 (full 1):
 PSYoungGen      total 110592K, used 7077K [0x00000000e0000000, 0x00000000e9180000, 0x0000000100000000)
  eden space 103424K, 0% used [0x00000000e0000000,0x00000000e0000000,0x00000000e6500000)
  from space 7168K, 98% used [0x00000000e8a80000,0x00000000e9169648,0x00000000e9180000)
  to   space 10752K, 0% used [0x00000000e7c80000,0x00000000e7c80000,0x00000000e8700000)
 ParOldGen       total 99328K, used 6618K [0x00000000a0000000, 0x00000000a6100000, 0x00000000e0000000)
  object space 99328K, 6% used [0x00000000a0000000,0x00000000a0676980,0x00000000a6100000)
 Metaspace       used 25764K, capacity 26318K, committed 26624K, reserved 1073152K
  class space    used 3529K, capacity 3734K, committed 3840K, reserved 1048576K
}
Event: 4.150 GC heap before
{Heap before GC invocations=6 (full 1):
 PSYoungGen      total 110592K, used 110501K [0x00000000e0000000, 0x00000000e9180000, 0x0000000100000000)
  eden space 103424K, 100% used [0x00000000e0000000,0x00000000e6500000,0x00000000e6500000)
  from space 7168K, 98% used [0x00000000e8a80000,0x00000000e9169648,0x00000000e9180000)
  to   space 10752K, 0% used [0x00000000e7c80000,0x00000000e7c80000,0x00000000e8700000)
 ParOldGen       total 99328K, used 6618K [0x00000000a0000000, 0x00000000a6100000, 0x00000000e0000000)
  object space 99328K, 6% used [0x00000000a0000000,0x00000000a0676980,0x00000000a6100000)
 Metaspace       used 31160K, capacity 31734K, committed 31872K, reserved 1077248K
  class space    used 4234K, capacity 4428K, committed 4480K, reserved 1048576K
Event: 4.160 GC heap after
Heap after GC invocations=6 (full 1):
 PSYoungGen      total 138240K, used 9440K [0x00000000e0000000, 0x00000000eb480000, 0x0000000100000000)
  eden space 127488K, 0% used [0x00000000e0000000,0x00000000e0000000,0x00000000e7c80000)
  from space 10752K, 87% used [0x00000000e7c80000,0x00000000e85b8240,0x00000000e8700000)
  to   space 12800K, 0% used [0x00000000ea800000,0x00000000ea800000,0x00000000eb480000)
 ParOldGen       total 99328K, used 6690K [0x00000000a0000000, 0x00000000a6100000, 0x00000000e0000000)
  object space 99328K, 6% used [0x00000000a0000000,0x00000000a0688990,0x00000000a6100000)
 Metaspace       used 31160K, capacity 31734K, committed 31872K, reserved 1077248K
  class space    used 4234K, capacity 4428K, committed 4480K, reserved 1048576K
}
Event: 4.458 GC heap before
{Heap before GC invocations=7 (full 1):
 PSYoungGen      total 138240K, used 30223K [0x00000000e0000000, 0x00000000eb480000, 0x0000000100000000)
  eden space 127488K, 16% used [0x00000000e0000000,0x00000000e144ba70,0x00000000e7c80000)
  from space 10752K, 87% used [0x00000000e7c80000,0x00000000e85b8240,0x00000000e8700000)
  to   space 12800K, 0% used [0x00000000ea800000,0x00000000ea800000,0x00000000eb480000)
 ParOldGen       total 99328K, used 6690K [0x00000000a0000000, 0x00000000a6100000, 0x00000000e0000000)
  object space 99328K, 6% used [0x00000000a0000000,0x00000000a0688990,0x00000000a6100000)
 Metaspace       used 34482K, capacity 35202K, committed 35416K, reserved 1079296K
  class space    used 4672K, capacity 4933K, committed 4992K, reserved 1048576K
Event: 4.463 GC heap after
Heap after GC invocations=7 (full 1):
 PSYoungGen      total 172544K, used 8660K [0x00000000e0000000, 0x00000000ed800000, 0x0000000100000000)
  eden space 159744K, 0% used [0x00000000e0000000,0x00000000e0000000,0x00000000e9c00000)
  from space 12800K, 67% used [0x00000000ea800000,0x00000000eb075138,0x00000000eb480000)
  to   space 12288K, 0% used [0x00000000e9c00000,0x00000000e9c00000,0x00000000ea800000)
 ParOldGen       total 99328K, used 6698K [0x00000000a0000000, 0x00000000a6100000, 0x00000000e0000000)
  object space 99328K, 6% used [0x00000000a0000000,0x00000000a068a990,0x00000000a6100000)
 Metaspace       used 34482K, capacity 35202K, committed 35416K, reserved 1079296K
  class space    used 4672K, capacity 4933K, committed 4992K, reserved 1048576K
}
Event: 4.463 GC heap before
{Heap before GC invocations=8 (full 2):
 PSYoungGen      total 172544K, used 8660K [0x00000000e0000000, 0x00000000ed800000, 0x0000000100000000)
  eden space 159744K, 0% used [0x00000000e0000000,0x00000000e0000000,0x00000000e9c00000)
  from space 12800K, 67% used [0x00000000ea800000,0x00000000eb075138,0x00000000eb480000)
  to   space 12288K, 0% used [0x00000000e9c00000,0x00000000e9c00000,0x00000000ea800000)
 ParOldGen       total 99328K, used 6698K [0x00000000a0000000, 0x00000000a6100000, 0x00000000e0000000)
  object space 99328K, 6% used [0x00000000a0000000,0x00000000a068a990,0x00000000a6100000)
 Metaspace       used 34482K, capacity 35202K, committed 35416K, reserved 1079296K
  class space    used 4672K, capacity 4933K, committed 4992K, reserved 1048576K
Event: 4.498 GC heap after
Heap after GC invocations=8 (full 2):
 PSYoungGen      total 172544K, used 0K [0x00000000e0000000, 0x00000000ed800000, 0x0000000100000000)
  eden space 159744K, 0% used [0x00000000e0000000,0x00000000e0000000,0x00000000e9c00000)
  from space 12800K, 0% used [0x00000000ea800000,0x00000000ea800000,0x00000000eb480000)
  to   space 12288K, 0% used [0x00000000e9c00000,0x00000000e9c00000,0x00000000ea800000)
 ParOldGen       total 99328K, used 14923K [0x00000000a0000000, 0x00000000a6100000, 0x00000000e0000000)
  object space 99328K, 15% used [0x00000000a0000000,0x00000000a0e92fd0,0x00000000a6100000)
 Metaspace       used 34482K, capacity 35202K, committed 35416K, reserved 1079296K
  class space    used 4672K, capacity 4933K, committed 4992K, reserved 1048576K
}

