# JRE version: OpenJDK Runtime Environment (8.0_152-b01) (build 1.8.0_152-release-915-b01)
# Java VM: OpenJDK 64-Bit Server VM (25.152-b01 mixed mode windows-amd64 compressed oops)
Heap:
 PSYoungGen      total 112128K, used 29738K [0x00000000e0000000, 0x00000000e7b80000, 0x0000000100000000)
  eden space 101888K, 29% used [0x00000000e0000000,0x00000000e1d0a950,0x00000000e6380000)
  from space 10240K, 0% used [0x00000000e7180000,0x00000000e7180000,0x00000000e7b80000)
  to   space 12288K, 0% used [0x00000000e6380000,0x00000000e6380000,0x00000000e6f80000)
 ParOldGen       total 95232K, used 15765K [0x00000000a0000000, 0x00000000a5d00000, 0x00000000e0000000)
  object space 95232K, 16% used [0x00000000a0000000,0x00000000a0f656d0,0x00000000a5d00000)
 Metaspace       used 37421K, capacity 38182K, committed 38616K, reserved 1083392K
  class space    used 5032K, capacity 5331K, committed 5376K, reserved 1048576K
GC Heap History (10 events):
Event: 2.081 GC heap before
{Heap before GC invocations=4 (full 1):
 PSYoungGen      total 76288K, used 6556K [0x00000000e0000000, 0x00000000e5500000, 0x0000000100000000)
  eden space 65536K, 0% used [0x00000000e0000000,0x00000000e0000000,0x00000000e4000000)
  from space 10752K, 60% used [0x00000000e4000000,0x00000000e4667330,0x00000000e4a80000)
  to   space 10752K, 0% used [0x00000000e4a80000,0x00000000e4a80000,0x00000000e5500000)
 ParOldGen       total 175104K, used 1292K [0x00000000a0000000, 0x00000000aab00000, 0x00000000e0000000)
  object space 175104K, 0% used [0x00000000a0000000,0x00000000a0143288,0x00000000aab00000)
 Metaspace       used 20657K, capacity 21142K, committed 21248K, reserved 1067008K
  class space    used 2858K, capacity 3042K, committed 3072K, reserved 1048576K
Event: 2.121 GC heap after
Heap after GC invocations=4 (full 1):
 PSYoungGen      total 76288K, used 0K [0x00000000e0000000, 0x00000000e5500000, 0x0000000100000000)
  eden space 65536K, 0% used [0x00000000e0000000,0x00000000e0000000,0x00000000e4000000)
  from space 10752K, 0% used [0x00000000e4000000,0x00000000e4000000,0x00000000e4a80000)
  to   space 10752K, 0% used [0x00000000e4a80000,0x00000000e4a80000,0x00000000e5500000)
 ParOldGen       total 95232K, used 6458K [0x00000000a0000000, 0x00000000a5d00000, 0x00000000e0000000)
  object space 95232K, 6% used [0x00000000a0000000,0x00000000a064e958,0x00000000a5d00000)
 Metaspace       used 20657K, capacity 21142K, committed 21248K, reserved 1067008K
  class space    used 2858K, capacity 3042K, committed 3072K, reserved 1048576K
}
Event: 2.756 GC heap before
{Heap before GC invocations=5 (full 1):
 PSYoungGen      total 76288K, used 65536K [0x00000000e0000000, 0x00000000e5500000, 0x0000000100000000)
  eden space 65536K, 100% used [0x00000000e0000000,0x00000000e4000000,0x00000000e4000000)
  from space 10752K, 0% used [0x00000000e4000000,0x00000000e4000000,0x00000000e4a80000)
  to   space 10752K, 0% used [0x00000000e4a80000,0x00000000e4a80000,0x00000000e5500000)
 ParOldGen       total 95232K, used 6458K [0x00000000a0000000, 0x00000000a5d00000, 0x00000000e0000000)
  object space 95232K, 6% used [0x00000000a0000000,0x00000000a064e958,0x00000000a5d00000)
 Metaspace       used 25778K, capacity 26350K, committed 26496K, reserved 1073152K
  class space    used 3510K, capacity 3702K, committed 3712K, reserved 1048576K
Event: 2.761 GC heap after
Heap after GC invocations=5 (full 1):
 PSYoungGen      total 76288K, used 7319K [0x00000000e0000000, 0x00000000e7d80000, 0x0000000100000000)
  eden space 65536K, 0% used [0x00000000e0000000,0x00000000e0000000,0x00000000e4000000)
  from space 10752K, 68% used [0x00000000e4a80000,0x00000000e51a5fe0,0x00000000e5500000)
  to   space 10752K, 0% used [0x00000000e4000000,0x00000000e4000000,0x00000000e4a80000)
 ParOldGen       total 95232K, used 6466K [0x00000000a0000000, 0x00000000a5d00000, 0x00000000e0000000)
  object space 95232K, 6% used [0x00000000a0000000,0x00000000a0650958,0x00000000a5d00000)
 Metaspace       used 25778K, capacity 26350K, committed 26496K, reserved 1073152K
  class space    used 3510K, capacity 3702K, committed 3712K, reserved 1048576K
}
Event: 3.296 GC heap before
{Heap before GC invocations=6 (full 1):
 PSYoungGen      total 76288K, used 72855K [0x00000000e0000000, 0x00000000e7d80000, 0x0000000100000000)
  eden space 65536K, 100% used [0x00000000e0000000,0x00000000e4000000,0x00000000e4000000)
  from space 10752K, 68% used [0x00000000e4a80000,0x00000000e51a5fe0,0x00000000e5500000)
  to   space 10752K, 0% used [0x00000000e4000000,0x00000000e4000000,0x00000000e4a80000)
 ParOldGen       total 95232K, used 6466K [0x00000000a0000000, 0x00000000a5d00000, 0x00000000e0000000)
  object space 95232K, 6% used [0x00000000a0000000,0x00000000a0650958,0x00000000a5d00000)
 Metaspace       used 30173K, capacity 30776K, committed 30976K, reserved 1075200K
  class space    used 4107K, capacity 4323K, committed 4352K, reserved 1048576K
Event: 3.302 GC heap after
Heap after GC invocations=6 (full 1):
 PSYoungGen      total 76288K, used 8149K [0x00000000e0000000, 0x00000000e7d80000, 0x0000000100000000)
  eden space 65536K, 0% used [0x00000000e0000000,0x00000000e0000000,0x00000000e4000000)
  from space 10752K, 75% used [0x00000000e4000000,0x00000000e47f55c8,0x00000000e4a80000)
  to   space 12288K, 0% used [0x00000000e7180000,0x00000000e7180000,0x00000000e7d80000)
 ParOldGen       total 95232K, used 6474K [0x00000000a0000000, 0x00000000a5d00000, 0x00000000e0000000)
  object space 95232K, 6% used [0x00000000a0000000,0x00000000a0652958,0x00000000a5d00000)
 Metaspace       used 30173K, capacity 30776K, committed 30976K, reserved 1075200K
  class space    used 4107K, capacity 4323K, committed 4352K, reserved 1048576K
}
Event: 3.907 GC heap before
{Heap before GC invocations=7 (full 1):
 PSYoungGen      total 76288K, used 65028K [0x00000000e0000000, 0x00000000e7d80000, 0x0000000100000000)
  eden space 65536K, 86% used [0x00000000e0000000,0x00000000e378bd98,0x00000000e4000000)
  from space 10752K, 75% used [0x00000000e4000000,0x00000000e47f55c8,0x00000000e4a80000)
  to   space 12288K, 0% used [0x00000000e7180000,0x00000000e7180000,0x00000000e7d80000)
 ParOldGen       total 95232K, used 6474K [0x00000000a0000000, 0x00000000a5d00000, 0x00000000e0000000)
  object space 95232K, 6% used [0x00000000a0000000,0x00000000a0652958,0x00000000a5d00000)
 Metaspace       used 34492K, capacity 35202K, committed 35416K, reserved 1079296K
  class space    used 4677K, capacity 4933K, committed 4992K, reserved 1048576K
Event: 3.915 GC heap after
Heap after GC invocations=7 (full 1):
 PSYoungGen      total 112128K, used 9816K [0x00000000e0000000, 0x00000000e7b80000, 0x0000000100000000)
  eden space 101888K, 0% used [0x00000000e0000000,0x00000000e0000000,0x00000000e6380000)
  from space 10240K, 95% used [0x00000000e7180000,0x00000000e7b16338,0x00000000e7b80000)
  to   space 12288K, 0% used [0x00000000e6380000,0x00000000e6380000,0x00000000e6f80000)
 ParOldGen       total 95232K, used 6546K [0x00000000a0000000, 0x00000000a5d00000, 0x00000000e0000000)
  object space 95232K, 6% used [0x00000000a0000000,0x00000000a0664968,0x00000000a5d00000)
 Metaspace       used 34492K, capacity 35202K, committed 35416K, reserved 1079296K
  class space    used 4677K, capacity 4933K, committed 4992K, reserved 1048576K
}
Event: 3.915 GC heap before
{Heap before GC invocations=8 (full 2):
 PSYoungGen      total 112128K, used 9816K [0x00000000e0000000, 0x00000000e7b80000, 0x0000000100000000)
  eden space 101888K, 0% used [0x00000000e0000000,0x00000000e0000000,0x00000000e6380000)
  from space 10240K, 95% used [0x00000000e7180000,0x00000000e7b16338,0x00000000e7b80000)
  to   space 12288K, 0% used [0x00000000e6380000,0x00000000e6380000,0x00000000e6f80000)
 ParOldGen       total 95232K, used 6546K [0x00000000a0000000, 0x00000000a5d00000, 0x00000000e0000000)
  object space 95232K, 6% used [0x00000000a0000000,0x00000000a0664968,0x00000000a5d00000)
 Metaspace       used 34492K, capacity 35202K, committed 35416K, reserved 1079296K
  class space    used 4677K, capacity 4933K, committed 4992K, reserved 1048576K
Event: 3.966 GC heap after
Heap after GC invocations=8 (full 2):
 PSYoungGen      total 112128K, used 0K [0x00000000e0000000, 0x00000000e7b80000, 0x0000000100000000)
  eden space 101888K, 0% used [0x00000000e0000000,0x00000000e0000000,0x00000000e6380000)
  from space 10240K, 0% used [0x00000000e7180000,0x00000000e7180000,0x00000000e7b80000)
  to   space 12288K, 0% used [0x00000000e6380000,0x00000000e6380000,0x00000000e6f80000)
 ParOldGen       total 95232K, used 15765K [0x00000000a0000000, 0x00000000a5d00000, 0x00000000e0000000)
  object space 95232K, 16% used [0x00000000a0000000,0x00000000a0f656d0,0x00000000a5d00000)
 Metaspace       used 34492K, capacity 35202K, committed 35416K, reserved 1079296K
  class space    used 4677K, capacity 4933K, committed 4992K, reserved 1048576K
}

